<?xml version="1.0" encoding="UTF-8"?>
<!-- Generated by org.testng.reporters.JUnitXMLReporter -->
<testsuite ignored="0" hostname="LMRDHQSQATPRD01" failures="1" tests="1" name="RegressionTest" time="240.391" errors="0" timestamp="2023-12-19T08:00:45 GST">
  <testcase classname="com.lmg_dubai.PLM.Concept_BS.TS02_TechSpecFlow" name="ts02" time="230.99">
    <failure type="java.lang.AssertionError" message="Found Error Message: Adopt process failed for Tech Spec 048 TB24JUL23-2 TESTING
No matching In DC Dates found in the Merchandise Calendar for the Season.
Sell Channel build failed.">
      <![CDATA[java.lang.AssertionError: Found Error Message: Adopt process failed for Tech Spec 048 TB24JUL23-2 TESTING
No matching In DC Dates found in the Merchandise Calendar for the Season.
Sell Channel build failed.
at com.lmg_dubai.PLM.pages.PLMTechSpecOverviewPage.getPopupMessageAndClose(PLMTechSpecOverviewPage.java:286)
at com.lmg_dubai.PLM.Concept_BS.TS02_TechSpecFlow.ts02(TS02_TechSpecFlow.java:115)
at java.base/java.util.ArrayList.forEach(ArrayList.java:1511)
... Removed 28 stack frames]]>
    </failure>
  </testcase> <!-- ts02 -->
</testsuite> <!-- RegressionTest -->
