<?xml version="1.0" encoding="UTF-8"?>
<!-- Generated by org.testng.reporters.JUnitReportReporter -->
<testsuite hostname="LMRDHQSQATPRD01" failures="1" tests="1" name="com.lmg_dubai.PLM.Concept_BS.TS03_MultipleTechSpecOrderBuilding" time="159.724" errors="0" timestamp="2023-12-18T10:51:11 GST" skipped="0">
  <testcase classname="com.lmg_dubai.PLM.Concept_BS.TS03_MultipleTechSpecOrderBuilding" name="ts03" time="159.724">
    <failure message="unable to Click on &#039;Attribute LOV Field&#039;" type="java.lang.AssertionError">
      <![CDATA[java.lang.AssertionError: unable to Click on 'Attribute LOV Field'
at org.testng.Assert.fail(Assert.java:99)
at com.lmg_dubai.PLM.util.BrowserActionUtil.clickElement(BrowserActionUtil.java:214)
at com.lmg_dubai.PLM.pages.PLMTechSpecAttributesPage.enterDetailsBasedOnAttributeText(PLMTechSpecAttributesPage.java:153)
at com.lmg_dubai.PLM.Concept_BS.TS03_MultipleTechSpecOrderBuilding.ts03(TS03_MultipleTechSpecOrderBuilding.java:66)
at java.base/jdk.internal.reflect.NativeMethodAccessorImpl.invoke0(Native Method)
at java.base/jdk.internal.reflect.NativeMethodAccessorImpl.invoke(NativeMethodAccessorImpl.java:77)
at java.base/jdk.internal.reflect.DelegatingMethodAccessorImpl.invoke(DelegatingMethodAccessorImpl.java:43)
at java.base/java.lang.reflect.Method.invoke(Method.java:568)
at org.testng.internal.MethodInvocationHelper.invokeMethod(MethodInvocationHelper.java:133)
at org.testng.internal.TestInvoker.invokeMethod(TestInvoker.java:598)
at org.testng.internal.TestInvoker.invokeTestMethod(TestInvoker.java:173)
at org.testng.internal.MethodRunner.runInSequence(MethodRunner.java:46)
at org.testng.internal.TestInvoker$MethodInvocationAgent.invoke(TestInvoker.java:824)
at org.testng.internal.TestInvoker.invokeTestMethods(TestInvoker.java:146)
at org.testng.internal.TestMethodWorker.invokeTestMethods(TestMethodWorker.java:146)
at org.testng.internal.TestMethodWorker.run(TestMethodWorker.java:128)
at java.base/java.util.ArrayList.forEach(ArrayList.java:1511)
at org.testng.TestRunner.privateRun(TestRunner.java:794)
at org.testng.TestRunner.run(TestRunner.java:596)
at org.testng.SuiteRunner.runTest(SuiteRunner.java:377)
at org.testng.SuiteRunner.runSequentially(SuiteRunner.java:371)
at org.testng.SuiteRunner.privateRun(SuiteRunner.java:332)
at org.testng.SuiteRunner.run(SuiteRunner.java:276)
at org.testng.SuiteRunnerWorker.runSuite(SuiteRunnerWorker.java:53)
at org.testng.SuiteRunnerWorker.run(SuiteRunnerWorker.java:96)
at org.testng.TestNG.runSuitesSequentially(TestNG.java:1212)
at org.testng.TestNG.runSuitesLocally(TestNG.java:1134)
at org.testng.TestNG.runSuites(TestNG.java:1063)
at org.testng.TestNG.run(TestNG.java:1031)
at org.testng.remote.AbstractRemoteTestNG.run(AbstractRemoteTestNG.java:115)
at org.testng.remote.RemoteTestNG.initAndRun(RemoteTestNG.java:251)
at org.testng.remote.RemoteTestNG.main(RemoteTestNG.java:77)
]]>
    </failure>
  </testcase> <!-- ts03 -->
  <system-out/>
</testsuite> <!-- com.lmg_dubai.PLM.Concept_BS.TS03_MultipleTechSpecOrderBuilding -->
